[DEBUG] [2024-10-16 10:27:11,218 +0800] - Failed to find file: wss-unified-agent.config, error message: wss-unified-agent.config (系統找不到指定的檔案。)
[DEBUG] [2024-10-16 10:27:11,234 +0800] - Failed to find file: whitesource-fs-agent.config, error message: whitesource-fs-agent.config (系統找不到指定的檔案。)
[DEBUG] [2024-10-16 10:27:11,271 +0800] - Proxy host not provided
[DEBUG] [2024-10-16 10:27:11,279 +0800] - Base url:'https://saas.whitesourcesoftware.com' 
[DEBUG] [2024-10-16 10:27:11,296 +0800] - Metric PRODUCT_NAME is empty
[DEBUG] [2024-10-16 10:27:11,297 +0800] - Metric PROJECT_NAME is empty
[INFO] [2024-10-16 10:27:11,330 +0800[ - UnifiedAgent version (pluginVersion) : 24.9.2
[INFO] [2024-10-16 10:27:11,347 +0800[ - 
##### general #####
wss.url=https://saas.whitesourcesoftware.com/agent
userKey=******
projectTag=
includes=**/*.7z,**/*.a,**/*.aar,**/*.air,**/*.apk,**/*.ar,**/*.bb,**/*.bz2,**/*.car,**/*.conda,**/*.cpa,**/*.crate,**/*.deb,**/*.dll,**/*.dmg,**/*.docker,**/*.drpm,**/*.ear,**/*.egg,**/*.epk,**/*.exe,**/*.gal,**/*.gem,**/*.gzip,**/*.har,**/*.hpi,**/*.jar,**/*.jar.pack.gz,**/*.jpi,**/*.js,**/*.ko,**/*.min.js,**/*.msi,**/*.nupkg,**/*.pkg.tar.xz,**/*.rpm,**/*.sar,**/*.sit,**/*.so,**/*.swc,**/*.swf,**/*.tar,**/*.tar.bz2,**/*.tar.gz,**/*.tbz,**/*.tgz,**/*.udeb,**/*.war,**/*.whl,**/*.zip,**/*.4th,**/*.6pl,**/*.6pm,**/*.8xk,**/*.8xk.txt,**/*.8xp,**/*.8xp.txt,**/*.E,**/*.ML,**/*._coffee,**/*._js,**/*._ls,**/*.abap,**/*.ada,**/*.adb,**/*.ado,**/*.adp,**/*.ads,**/*.agda,**/*.ahk,**/*.ahkl,**/*.aidl,**/*.aj,**/*.al,**/*.als,**/*.ampl,**/*.apl,**/*.app.src,**/*.applescript,**/*.arc,**/*.as,**/*.asax,**/*.asc,**/*.ascx,**/*.asd,**/*.ash,**/*.ashx,**/*.asmx,**/*.asp,**/*.aspx,**/*.au3,**/*.aug,**/*.auk,**/*.aw,**/*.awk,**/*.axd,**/*.axi,**/*.axi.erb,**/*.axs,**/*.axs.erb,**/*.b,**/*.bas,**/*.bash,**/*.bat,**/*.bats,**/*.bb,**/*.befunge,**/*.bf,**/*.bison,**/*.bmx,**/*.bones,**/*.boo,**/*.boot,**/*.brd,**/*.bro,**/*.brs,**/*.bsl,**/*.bsv,**/*.builder,**/*.bzl,**/*.c,**/*.c++,**/*.cake,**/*.capnp,**/*.cats,**/*.cbl,**/*.cc,**/*.ccp,**/*.cdf,**/*.ceylon,**/*.cfc,**/*.cfm,**/*.cfml,**/*.cgi,**/*.ch,**/*.chpl,**/*.chs,**/*.cirru,**/*.cjsx,**/*.ck,**/*.cl,**/*.cl2,**/*.click,**/*.clj,**/*.cljc,**/*.cljs,**/*.cljs.hl,**/*.cljscm,**/*.cljx,**/*.clp,**/*.cls,**/*.clw,**/*.cmd,**/*.cob,**/*.cobol,**/*.coffee,**/*.com,**/*.command,**/*.coq,**/*.cp,**/*.cpp,**/*.cps,**/*.cpy,**/*.cr,**/*.cs,**/*.csd,**/*.cshtml,**/*.csx,**/*.ctp,**/*.cu,**/*.cuh,**/*.cw,**/*.cxx,**/*.cy,**/*.d,**/*.dart,**/*.dats,**/*.db2,**/*.dcl,**/*.decls,**/*.dfm,**/*.di,**/*.djs,**/*.dlm,**/*.dm,**/*.do,**/*.doh,**/*.dpr,**/*.druby,**/*.duby,**/*.dyalog,**/*.dyl,**/*.dylan,**/*.e,**/*.ec,**/*.ecl,**/*.eclxml,**/*.eh,**/*.el,**/*.eliom,**/*.eliomi,**/*.elm,**/*.em,**/*.emacs,**/*.emacs.desktop,**/*.emberscript,**/*.eq,**/*.erl,**/*.es,**/*.es6,**/*.escript,**/*.ex,**/*.exs,**/*.eye,**/*.f,**/*.f03,**/*.f08,**/*.f77,**/*.f90,**/*.f95,**/*.factor,**/*.fan,**/*.fancypack,**/*.fcgi,**/*.feature,**/*.flex,**/*.flux,**/*.for,**/*.forth,**/*.fp,**/*.fpp,**/*.fr,**/*.frag,**/*.frg,**/*.frm,**/*.frt,**/*.frx,**/*.fs,**/*.fsh,**/*.fshader,**/*.fsi,**/*.fsx,**/*.fth,**/*.ftl,**/*.fun,**/*.fx,**/*.fxh,**/*.fy,**/*.g,**/*.g4,**/*.gap,**/*.gawk,**/*.gd,**/*.gdb,**/*.gdbinit,**/*.gemspec,**/*.geo,**/*.geom,**/*.gf,**/*.gi,**/*.glf,**/*.glsl,**/*.glslv,**/*.gml,**/*.gms,**/*.gnu,**/*.gnuplot,**/*.go,**/*.god,**/*.golo,**/*.gp,**/*.grace,**/*.groovy,**/*.grt,**/*.gs,**/*.gshader,**/*.gsp,**/*.gst,**/*.gsx,**/*.gtpl,**/*.gvy,**/*.gyp,**/*.gypi,**/*.h,**/*.h++,**/*.hats,**/*.hb,**/*.hcl,**/*.hh,**/*.hic,**/*.hlean,**/*.hlsl,**/*.hlsli,**/*.hpp,**/*.hqf,**/*.hrl,**/*.hs,**/*.hsc,**/*.hx,**/*.hxsl,**/*.hxx,**/*.hy,**/*.i7x,**/*.iced,**/*.icl,**/*.idc,**/*.idr,**/*.ihlp,**/*.ijs,**/*.ik,**/*.ily,**/*.inc,**/*.inl,**/*.ino,**/*.intr,**/*.io,**/*.ipf,**/*.ipp,**/*.irbrc,**/*.iss,**/*.j,**/*.jake,**/*.java,**/*.jbuilder,**/*.jflex,**/*.ji,**/*.jison,**/*.jisonlex,**/*.jl,**/*.jq,**/*.js,**/*.jsb,**/*.jscad,**/*.jsfl,**/*.jsm,**/*.jsp,**/*.jss,**/*.jsx,**/*.kicad_pcb,**/*.kid,**/*.krl,**/*.ksh,**/*.kt,**/*.ktm,**/*.kts,**/*.l,**/*.lagda,**/*.las,**/*.lasso,**/*.lasso8,**/*.lasso9,**/*.ldml,**/*.lean,**/*.lex,**/*.lfe,**/*.lgt,**/*.lhs,**/*.lid,**/*.lidr,**/*.lisp,**/*.litcoffee,**/*.ll,**/*.lmi,**/*.logtalk,**/*.lol,**/*.lookml,**/*.lpr,**/*.ls,**/*.lsl,**/*.lslp,**/*.lsp,**/*.lua,**/*.lvproj,**/*.ly,**/*.m,**/*.m4,**/*.ma,**/*.mak,**/*.make,**/*.mako,**/*.mao,**/*.mata,**/*.matah,**/*.mathematica,**/*.matlab,**/*.mawk,**/*.maxhelp,**/*.maxpat,**/*.maxproj,**/*.mcr,**/*.metal,**/*.minid,**/*.mir,**/*.mirah,**/*.mk,**/*.mkfile,**/*.ml,**/*.ml4,**/*.mli,**/*.mll,**/*.mly,**/*.mm,**/*.mmk,**/*.mms,**/*.mo,**/*.mod,**/*.model.lkml,**/*.monkey,**/*.moo,**/*.moon,**/*.mq4,**/*.mq5,**/*.mqh,**/*.ms,**/*.mspec,**/*.mss,**/*.mt,**/*.mu,**/*.muf,**/*.mumps,**/*.mxt,**/*.myt,**/*.n,**/*.nawk,**/*.nb,**/*.nbp,**/*.nc,**/*.ncl,**/*.ni,**/*.nim,**/*.nimrod,**/*.nit,**/*.nix,**/*.njs,**/*.nl,**/*.nlogo,**/*.nqp,**/*.nse,**/*.nsh,**/*.nsi,**/*.nu,**/*.numpy,**/*.numpyw,**/*.numsc,**/*.nut,**/*.ny,**/*.omgrofl,**/*.ooc,**/*.opa,**/*.opal,**/*.opencl,**/*.orc,**/*.os,**/*.ox,**/*.oxh,**/*.oxo,**/*.oxygene,**/*.oz,**/*.p,**/*.p4,**/*.p6,**/*.p6l,**/*.p6m,**/*.pac,**/*.pan,**/*.parrot,**/*.pas,**/*.pascal,**/*.pasm,**/*.pat,**/*.pb,**/*.pbi,**/*.pbt,**/*.pck,**/*.pd,**/*.pd_lua,**/*.pde,**/*.perl,**/*.ph,**/*.php,**/*.php3,**/*.php4,**/*.php5,**/*.phps,**/*.phpt,**/*.pig,**/*.pike,**/*.pir,**/*.pkb,**/*.pks,**/*.pl,**/*.pl6,**/*.plb,**/*.plot,**/*.pls,**/*.plsql,**/*.plt,**/*.pluginspec,**/*.plx,**/*.pm,**/*.pm6,**/*.pmod,**/*.pod,**/*.podsl,**/*.podspec,**/*.pogo,**/*.pony,**/*.pov,**/*.pp,**/*.pprx,**/*.prg,**/*.pri,**/*.pro,**/*.prolog,**/*.prw,**/*.ps1,**/*.psc,**/*.psd1,**/*.psgi,**/*.psm1,**/*.purs,**/*.pwn,**/*.pxd,**/*.pxi,**/*.py,**/*.py3,**/*.pyde,**/*.pyp,**/*.pyt,**/*.pyw,**/*.pyx,**/*.qbs,**/*.qml,**/*.r,**/*.r2,**/*.r3,**/*.rabl,**/*.rake,**/*.rb,**/*.rbbas,**/*.rbfrm,**/*.rbmnu,**/*.rbres,**/*.rbtbar,**/*.rbuild,**/*.rbuistate,**/*.rbw,**/*.rbx,**/*.rbxs,**/*.rd,**/*.re,**/*.reb,**/*.rebol,**/*.red,**/*.reds,**/*.rei,**/*.rex,**/*.rexx,**/*.rg,**/*.rkt,**/*.rktd,**/*.rktl,**/*.rl,**/*.rpy,**/*.rs,**/*.rs.in,**/*.rsc,**/*.rsh,**/*.rsx,**/*.ru,**/*.ruby,**/*.sage,**/*.sagews,**/*.sas,**/*.sats,**/*.sbt,**/*.sc,**/*.scad,**/*.scala,**/*.scd,**/*.sce,**/*.sch,**/*.sci,**/*.scm,**/*.sco,**/*.scpt,**/*.scrbl,**/*.self,**/*.sexp,**/*.sh,**/*.sh-session,**/*.sh.in,**/*.shader,**/*.shen,**/*.sig,**/*.sj,**/*.sjs,**/*.sl,**/*.sld,**/*.sls,**/*.sma,**/*.smali,**/*.sml,**/*.smt,**/*.smt2,**/*.sp,**/*.spec,**/*.spin,**/*.sps,**/*.sqf,**/*.sql,**/*.sra,**/*.sru,**/*.srw,**/*.ss,**/*.ssjs,**/*.st,**/*.stan,**/*.sthlp,**/*.sv,**/*.svh,**/*.swift,**/*.t,**/*.tac,**/*.tcc,**/*.tcl,**/*.tf,**/*.thor,**/*.thrift,**/*.thy,**/*.tla,**/*.tm,**/*.tmux,**/*.tool,**/*.tpl,**/*.tpp,**/*.ts,**/*.tst,**/*.tsx,**/*.tu,**/*.txl,**/*.uc,**/*.udo,**/*.uno,**/*.upc,**/*.ur,**/*.urs,**/*.v,**/*.vala,**/*.vapi,**/*.vark,**/*.vb,**/*.vba,**/*.vbhtml,**/*.vbs,**/*.vcl,**/*.veo,**/*.vert,**/*.vh,**/*.vhd,**/*.vhdl,**/*.vhf,**/*.vhi,**/*.vho,**/*.vhs,**/*.vht,**/*.vhw,**/*.view.lkml,**/*.vim,**/*.volt,**/*.vrx,**/*.vsh,**/*.vshader,**/*.w,**/*.watchr,**/*.webidl,**/*.wisp,**/*.wl,**/*.wlt,**/*.wlua,**/*.wsgi,**/*.x,**/*.x10,**/*.xc,**/*.xi,**/*.xm,**/*.xojo_code,**/*.xojo_menu,**/*.xojo_report,**/*.xojo_script,**/*.xojo_toolbar,**/*.xojo_window,**/*.xpl,**/*.xproc,**/*.xpy,**/*.xq,**/*.xql,**/*.xqm,**/*.xquery,**/*.xqy,**/*.xrl,**/*.xs,**/*.xsjs,**/*.xsjslib,**/*.xsl,**/*.xslt,**/*.xsp-config,**/*.xsp.metadata,**/*.xtend,**/*.y,**/*.yacc,**/*.yap,**/*.yrl,**/*.yy,**/*.zep,**/*.zimpl,**/*.zmpl,**/*.zpl,**/*.zsh
configFilePath=DEFAULT
apiKey=******
#whiteSourceFolderPath=.
#updateType=OVERRIDE
#updateInventory=true
#updateEmptyProject=true
#splitUpdateRequest=false
#showProgressBar=true
#scanReportTimeoutMinutes=10
#scanReportFilenameFormat=project_with_timestamp
#scanPackageManager=false
#scanComment=
#resolveAllDependencies=true
#requireKnownSha1=true
#requesterEmail=
#projectVersion=
#projectToken=
#projectPerFolderIncludes=*
#projectPerFolderExcludes=
#projectPerFolder=false
#projectName=
#productVersion=
#productToken=
#productName=
#offline.zip=false
#offline.prettyJson=true
#offline=false
#log.level=info
#ignoreEuaNotices=informational
#iaLanguage=
#generateScanReport=false
#generateProjectDetailsJson=false
#forceUpdate.failBuildOnPolicyViolation=false
#forceUpdate=false
#forceCheckAllDependencies=false
#fileSystemScan=true
#failErrorLevel=DEFAULT
#excludes=**/.*,**/node_modules,**/src/test,**/testdata,**/*sources.jar,**/*javadoc.jar
#excludeDependenciesFromNodes=
#euaVul=euaVul.json
#euaRes=euaRes.json
#euaOffline=
#euaDep=euaDep.json
#enableImpactAnalysis=false
#commandTimeout=900
#checkPolicies=false
#appPath=
#analyzeMultiModule=
#analyzeFrameworksReference=analyzeFrameworks.txt
#analyzeFrameworks=false

##### ANT #####
#ant.resolveDependencies=true
#ant.pathIdIncludes=
#ant.external.parameters=

##### archive #####
#archiveIncludes=
#archiveExtractionDepth=0
#archiveExcludes=

##### artifactory #####
#artifactory.userPassword=
#artifactory.userName=
#artifactory.url=
#artifactory.repoKeys=
#artifactory.includes=.*.*
#artifactory.excludes=
#artifactory.enableScan=false
#artifactory.accessToken=

##### bazel #####
#bazel.runPreStep=false
#bazel.resolveDependencies=true

##### bower #####
#bower.runPreStep=false
#bower.resolveDependencies=true
#bower.ignoreSourceFiles=false

##### cabal #####
#haskell.runPreStep=false
#haskell.resolveDependencies=true
#haskell.ignoreSourceFiles=true
#haskell.ignorePreStepErrors=false

##### cargo #####
#cargo.runPreStep=false
#cargo.resolveDependencies=true
#cargo.ignoreSourceFiles=true

##### cocoapods #####
#cocoapods.runPreStep=false
#cocoapods.resolveDependencies=true
#cocoapods.ignoreSourceFiles=true

##### conda #####
#conda.resolveDependencies=true

##### docker #####
#docker.scanTarFiles=false
#docker.scanImages=false
#docker.scanContainers=false
#docker.pull.tags=
#docker.pull.maxImages=10
#docker.pull.images=
#docker.pull.force=false
#docker.pull.enable=false
#docker.pull.digest=
#docker.projectNameFormat=default
#docker.login.sudo=true
#docker.layers=false
#docker.includes=.*.*
#docker.includeSingleScan=
#docker.excludes=
#docker.delete.force=false
#docker.containerIncludes=.*.*
#docker.containerExcludes=

##### docker artifactory #####
#docker.artifactory.userPassword=
#docker.artifactory.userName=
#docker.artifactory.url=
#docker.artifactory.repositoriesNames=
#docker.artifactory.pullUrl=
#docker.artifactory.enable=false
#docker.artifactory.dockerAccessMethod= 

##### docker aws #####
#docker.aws.registryIds=
#docker.aws.enable=false

##### docker azure #####
#docker.azure.userPassword=
#docker.azure.userName=
#docker.azure.registryNames=
#docker.azure.registryAuthenticationParameters=
#docker.azure.enable=false
#docker.azure.authenticationType=UserAccount

##### docker google containers #####
#docker.gcr.repositories=
#docker.gcr.enable=false
#docker.gcr.account=

##### docker hub #####
#docker.hub.userPassword=
#docker.hub.userName=
#docker.hub.organizationsNames=
#docker.hub.enabled=false
#docker.hub.accessToken=

##### environment #####
#followSymbolicLinks=true
#case.sensitive.glob=false

##### go #####
#go.resolveDependencies=true
#go.modules.resolveDependencies=true
#go.modules.removeDuplicateDependencies=true
#go.modules.includeTestDependencies=false
#go.modules.ignoreSourceFiles=true
#go.ignoreSourceFiles=false
#go.gogradle.enableTaskAlias=false
#go.glide.ignoreTestPackages=true
#go.dependencyManager=
#go.collectDependenciesAtRuntime=false

##### gradle #####
#gradle.resolveDependencies=true
#gradle.preferredEnvironment=wrapper
#gradle.innerModulesAsDependencies=true
#gradle.includedConfigurations=
#gradle.includeModules=
#gradle.ignoredConfigurations=
#gradle.ignoreSourceFiles=false
#gradle.excludeModules=
#gradle.aggregateModules=false
#gradle.additionalArguments=

##### hex #####
#hex.runPreStep=false
#hex.resolveDependencies=true
#hex.ignoreSourceFiles=true
#hex.aggregateModules=false

##### html #####
#html.resolveDependencies=true

##### maven #####
#maven.runPreStep=false
#maven.resolveDependencies=true
#maven.projectNameFromDependencyFile=false
#maven.maxCacheFolderSize=
#maven.m2RepositoryPath=
#maven.ignoredScopes=provided,test
#maven.ignoreSourceFiles=false
#maven.ignorePomModules=true
#maven.ignoreMvnTreeErrors=false
#maven.environmentPath=
#maven.downloadMissingDependencies=true
#maven.allowPartialTree=false
#maven.aggregateModules=false
#maven.additionalArguments=

##### npm #####
#npm.yarnProject=false
#npm.yarn.frozenLockfile=false
#npm.runPreStep=false
#npm.resolveMainPackageJsonOnly=false
#npm.resolveLockFile=true
#npm.resolveGlobalPackages=false
#npm.resolveDependencies=true
#npm.resolveAdditionalDependencies=false
#npm.removeDuplicateDependencies=true
#npm.projectNameFromDependencyFile=false
#npm.includeDevDependencies=false
#npm.ignoreSourceFiles=true
#npm.ignoreScripts=false
#npm.ignoreNpmLsErrors=false
#npm.ignoreDirectoryPatterns=example,examples,.ws_bower,test
#npm.identifyByNameAndVersion=false
#npm.failOnNpmLsErrors=
#npm.accessToken=

##### nuget #####
#nuget.runPreStep=false
#nuget.resolvePackagesConfigFiles=true
#nuget.resolveNuspecFiles=true
#nuget.resolveDependencies=true
#nuget.resolveCsProjFiles=true
#nuget.resolveAssetsFiles=true
#nuget.preferredEnvironment=
#nuget.packagesDirectory=
#nuget.ignoreSourceFiles=true

##### ocaml #####
#ocaml.switchName=
#ocaml.runPreStep=false
#ocaml.resolveDependencies=true
#ocaml.ignoredScopes=with-test,with-doc
#ocaml.ignoreSourceFiles=false
#ocaml.aggregateModules=false

##### paket #####
#paket.runPreStep=false
#paket.resolveDependencies=true
#paket.ignoredGroups=
#paket.ignoreSourceFiles=true
#paket.exePath=

##### php #####
#php.runPreStep=false
#php.resolveDependencies=true
#php.removeDuplicateDependencies=true
#php.includeDevDependencies=false
#php.ignoreSourceFiles=true

##### python #####
#python.runPoetryPreStep=false
#python.runPipenvPreStep=false
#python.resolveSetupFiles=false
#python.resolvePoetryEditablePackages=false
#python.resolvePipEditablePackages=false
#python.resolveHierarchyTree=true
#python.resolveGlobalPackages=false
#python.resolveDependencies=true
#python.requirementsFileIncludes=
#python.pipenvDevDependencies=false
#python.pipPath=pip
#python.path=python
#python.localPackagePathsToInstall=
#python.installVirtualenv=false
#python.indexUrl=
#python.includePoetryDevDependencies=false
#python.ignoreSourceFiles=true
#python.ignorePipInstallErrors=false
#python.IgnorePipenvInstallErrors=false

##### r_language #####
#r.runPreStep=false
#r.resolveDependencies=true
#r.packageManager=packrat
#r.ignoreSourceFiles=true
#r.cranMirrorUrl=

##### ruby #####
#ruby.runBundleInstall=false
#ruby.resolveDependencies=true
#ruby.overwriteGemFile=false
#ruby.installMissingGems=false
#ruby.ignoreSourceFiles=true

##### sbt #####
#sbt.runPreStep=false
#sbt.resolveDependencies=true
#sbt.newSbtResolution=false
#sbt.includedScopes=compile,runtime
#sbt.ignoreSourceFiles=false
#sbt.aggregateModules=false

##### scm #####
#scm.user=
#scm.url=
#scm.tag=
#scm.repositoriesFile=
#scm.ppk=
#scm.pass=
#scm.branch=

##### serverless #####
#serverless.scanFunctions=false
#serverless.region=
#serverless.provider=aws-lambda
#serverless.maxFunctions=10
#serverless.includes=
#serverless.excludes=

##### swift #####
#swift.resolveDependencies=true
#swift.ignoreSourceFiles=false

[ERROR] [2024-10-16 10:27:11,359 +0800[ - Mandatory parameter projectName or projectToken was not set
